<?xml version="1.0" encoding="UTF-8"?>
<testsuites name="Smoke Test" time="305" tests="4" failures="0" errors="0">
   <testsuite name="Smoke Test" tests="4" failures="0" errors="0" time="305" timestamp="2019-03-10 14:16:44" hostname="geela - 192.168.139.2" id="Test Suites/Smoke Test">
      <properties>
         <property name="deviceName" value="OPPO RMX1805 (Android 8.1.0)"/>
         <property name="devicePlatform" value=""/>
         <property name="logFolder" value="C:\\Users\\geela\\Katalon Studio\\Netzme Smoke Test\\Katalon\\Reports\\Smoke Test\\20190310_141641"/>
         <property name="logFiles" value="C:\\Users\\geela\\Katalon Studio\\Netzme Smoke Test\\Katalon\\Reports\\Smoke Test\\20190310_141641\\appium.log, C:\\Users\\geela\\Katalon Studio\\Netzme Smoke Test\\Katalon\\Reports\\Smoke Test\\20190310_141641\\execution0.log"/>
         <property name="attachments" value=""/>
         <property name="hostName" value="geela - 192.168.139.2"/>
         <property name="os" value="Windows 10 64bit"/>
         <property name="katalonVersion" value="6.0.5.10"/>
         <property name="deviceOS" value="Android"/>
         <property name="appiumVersion" value="1.8.1"/>
         <property name="deviceModel" value="RMX1805"/>
         <property name="hostAddress" value="192.168.139.2"/>
         <property name="deviceManufacturer" value="OPPO"/>
         <property name="deviceId" value="b9decb5a"/>
         <property name="deviceName" value="OPPO RMX1805 (Android 8.1.0)"/>
         <property name="deviceOSVersion" value="8.1.0"/>
      </properties>
      <testcase name="Test Cases/Registrasi" classname="Test Cases/Registrasi" status="PASSED">
         <system-out><![CDATA[2019-03-10 14:16:45 - [TEST_CASE][PASSED] - Test Cases/Registrasi: Test Cases/Registrasi

2019-03-10 14:16:46 - [TEST_STEP][PASSED] - startApplication("C:\Users\geela\Katalon Studio\Netzme Smoke Test\Katalon\Data Files\Netzme.apk", true): Started app at: 'C:\Users\geela\Katalon Studio\Netzme Smoke Test\Katalon\Data Files\Netzme.apk'

2019-03-10 14:16:53 - [MESSAGE][INFO] - Appium server started on port 54,454

2019-03-10 14:17:44 - [MESSAGE][PASSED] - Started app at: 'C:\Users\geela\Katalon Studio\Netzme Smoke Test\Katalon\Data Files\Netzme.apk'

2019-03-10 14:17:44 - [TEST_STEP][PASSED] - delay(5, CONTINUE_ON_FAILURE): Delayed 5 second(s)

2019-03-10 14:17:50 - [MESSAGE][PASSED] - Delayed 5 second(s)

2019-03-10 14:17:50 - [TEST_STEP][PASSED] - tap(findTestObject("Registrasi/Reg.button - NEXT"), 5): Tapped on element 'Object Repository/Registrasi/Reg.button - NEXT'

2019-03-10 14:17:53 - [MESSAGE][PASSED] - Tapped on element 'Object Repository/Registrasi/Reg.button - NEXT'

2019-03-10 14:17:53 - [TEST_STEP][PASSED] - tap(findTestObject("Registrasi/Reg.button - NEXT"), 5): Tapped on element 'Object Repository/Registrasi/Reg.button - NEXT'

2019-03-10 14:17:54 - [MESSAGE][PASSED] - Tapped on element 'Object Repository/Registrasi/Reg.button - NEXT'

2019-03-10 14:17:54 - [TEST_STEP][PASSED] - tap(findTestObject("Registrasi/Reg.button - NEXT"), 5): Tapped on element 'Object Repository/Registrasi/Reg.button - NEXT'

2019-03-10 14:17:55 - [MESSAGE][PASSED] - Tapped on element 'Object Repository/Registrasi/Reg.button - NEXT'

2019-03-10 14:17:55 - [TEST_STEP][PASSED] - tap(findTestObject("Registrasi/Reg.button - NEXT"), 5): Tapped on element 'Object Repository/Registrasi/Reg.button - NEXT'

2019-03-10 14:17:57 - [MESSAGE][PASSED] - Tapped on element 'Object Repository/Registrasi/Reg.button - NEXT'

2019-03-10 14:17:57 - [TEST_STEP][PASSED] - tap(findTestObject("Registrasi/Reg.button - NEXT"), 5): Tapped on element 'Object Repository/Registrasi/Reg.button - NEXT'

2019-03-10 14:17:58 - [MESSAGE][PASSED] - Tapped on element 'Object Repository/Registrasi/Reg.button - NEXT'

2019-03-10 14:17:58 - [TEST_STEP][PASSED] - tap(findTestObject("Registrasi/Reg.button - JOIN NOW"), 5): Tapped on element 'Object Repository/Registrasi/Reg.button - JOIN NOW'

2019-03-10 14:18:02 - [MESSAGE][PASSED] - Tapped on element 'Object Repository/Registrasi/Reg.button - JOIN NOW'

2019-03-10 14:18:02 - [TEST_STEP][PASSED] - setText(findTestObject("Registrasi/Reg.button - Phone number"), "08995097655", 5): Text '08995097655' has been set to element 'Object Repository/Registrasi/Reg.button - Phone number'

2019-03-10 14:18:04 - [MESSAGE][PASSED] - Text '08995097655' has been set to element 'Object Repository/Registrasi/Reg.button - Phone number'

2019-03-10 14:18:04 - [TEST_STEP][PASSED] - tap(findTestObject("Registrasi/Reg.Checkbock - Term  condition"), 5): Tapped on element 'Object Repository/Registrasi/Reg.Checkbock - Term  condition'

2019-03-10 14:18:05 - [MESSAGE][PASSED] - Tapped on element 'Object Repository/Registrasi/Reg.Checkbock - Term  condition'

2019-03-10 14:18:05 - [TEST_STEP][PASSED] - tap(findTestObject("Registrasi/Reg.button - REGISTER"), 5): Tapped on element 'Object Repository/Registrasi/Reg.button - REGISTER'

2019-03-10 14:18:09 - [MESSAGE][PASSED] - Tapped on element 'Object Repository/Registrasi/Reg.button - REGISTER'

2019-03-10 14:18:09 - [TEST_STEP][PASSED] - setText(findTestObject("Registrasi/android.widget.EditText0"), "0000", 5): Text '0000' has been set to element 'Object Repository/Registrasi/android.widget.EditText0'

2019-03-10 14:18:10 - [MESSAGE][PASSED] - Text '0000' has been set to element 'Object Repository/Registrasi/android.widget.EditText0'

2019-03-10 14:18:10 - [TEST_STEP][PASSED] - tap(findTestObject("Registrasi/Reg.button - VERIFY"), 5): Tapped on element 'Object Repository/Registrasi/Reg.button - VERIFY'

2019-03-10 14:18:13 - [MESSAGE][PASSED] - Tapped on element 'Object Repository/Registrasi/Reg.button - VERIFY'

2019-03-10 14:18:13 - [TEST_STEP][PASSED] - tap(findTestObject("General/Button permission - Allow"), 5): Tapped on element 'Object Repository/General/Button permission - Allow'

2019-03-10 14:18:23 - [MESSAGE][PASSED] - Tapped on element 'Object Repository/General/Button permission - Allow'

2019-03-10 14:18:23 - [TEST_STEP][PASSED] - tap(findTestObject("Registrasi/Reg.button - SAVE"), 5): Tapped on element 'Object Repository/Registrasi/Reg.button - SAVE'

2019-03-10 14:18:25 - [MESSAGE][PASSED] - Tapped on element 'Object Repository/Registrasi/Reg.button - SAVE'

2019-03-10 14:18:25 - [TEST_STEP][PASSED] - delay(15, CONTINUE_ON_FAILURE): Delayed 15 second(s)

2019-03-10 14:18:40 - [MESSAGE][PASSED] - Delayed 15 second(s)

2019-03-10 14:18:40 - [TEST_STEP][PASSED] - tap(findTestObject("Registrasi/Reg.checkbox - Dont show me again"), 30): Tapped on element 'Object Repository/Registrasi/Reg.checkbox - Dont show me again'

2019-03-10 14:18:50 - [MESSAGE][PASSED] - Tapped on element 'Object Repository/Registrasi/Reg.checkbox - Dont show me again'

2019-03-10 14:18:50 - [TEST_STEP][PASSED] - delay(5, CONTINUE_ON_FAILURE): Delayed 5 second(s)

2019-03-10 14:18:55 - [MESSAGE][PASSED] - Delayed 5 second(s)

2019-03-10 14:18:55 - [TEST_STEP][PASSED] - tap(findTestObject("Registrasi/Reg.button - CLOSE"), 5): Tapped on element 'Object Repository/Registrasi/Reg.button - CLOSE'

2019-03-10 14:18:57 - [MESSAGE][PASSED] - Tapped on element 'Object Repository/Registrasi/Reg.button - CLOSE']]></system-out>
         <system-err><![CDATA[]]></system-err>
      </testcase>
      <testcase name="Test Cases/Kirim pesan text" classname="Test Cases/Kirim pesan text" status="PASSED">
         <system-out><![CDATA[2019-03-10 14:18:57 - [TEST_CASE][PASSED] - Test Cases/Kirim pesan text: Test Cases/Kirim pesan text

2019-03-10 14:18:57 - [TEST_STEP][PASSED] - tap(findTestObject("Smoke Test/android.widget.ImageButton3"), 3): Tapped on element 'Object Repository/Smoke Test/android.widget.ImageButton3'

2019-03-10 14:19:01 - [MESSAGE][PASSED] - Tapped on element 'Object Repository/Smoke Test/android.widget.ImageButton3'

2019-03-10 14:19:01 - [TEST_STEP][PASSED] - tap(findTestObject("Smoke Test/android.widget.TextView3 - 08995097601"), 3): Tapped on element 'Object Repository/Smoke Test/android.widget.TextView3 - 08995097601'

2019-03-10 14:19:04 - [MESSAGE][PASSED] - Tapped on element 'Object Repository/Smoke Test/android.widget.TextView3 - 08995097601'

2019-03-10 14:19:04 - [TEST_STEP][PASSED] - setText(findTestObject("Smoke Test/android.widget.EditText0 - Type message here"), "Test kirim pesan", 3): Text 'Test kirim pesan' has been set to element 'Object Repository/Smoke Test/android.widget.EditText0 - Type message here'

2019-03-10 14:19:06 - [MESSAGE][PASSED] - Text 'Test kirim pesan' has been set to element 'Object Repository/Smoke Test/android.widget.EditText0 - Type message here'

2019-03-10 14:19:06 - [TEST_STEP][PASSED] - tap(findTestObject("Smoke Test/android.widget.ImageButton0"), 3): Tapped on element 'Object Repository/Smoke Test/android.widget.ImageButton0'

2019-03-10 14:19:08 - [MESSAGE][PASSED] - Tapped on element 'Object Repository/Smoke Test/android.widget.ImageButton0'

2019-03-10 14:19:08 - [TEST_STEP][PASSED] - tap(findTestObject("Smoke Test/android.widget.ImageButton1"), 3): Tapped on element 'Object Repository/Smoke Test/android.widget.ImageButton1'

2019-03-10 14:19:11 - [MESSAGE][PASSED] - Tapped on element 'Object Repository/Smoke Test/android.widget.ImageButton1']]></system-out>
         <system-err><![CDATA[]]></system-err>
      </testcase>
      <testcase name="Test Cases/Kirim pesan gambar" classname="Test Cases/Kirim pesan gambar" status="PASSED">
         <system-out><![CDATA[2019-03-10 14:19:11 - [TEST_CASE][PASSED] - Test Cases/Kirim pesan gambar: Test Cases/Kirim pesan gambar

2019-03-10 14:19:11 - [TEST_STEP][PASSED] - tap(findTestObject("Smoke Test/android.widget.ImageButton3"), 3): Tapped on element 'Object Repository/Smoke Test/android.widget.ImageButton3'

2019-03-10 14:19:13 - [MESSAGE][PASSED] - Tapped on element 'Object Repository/Smoke Test/android.widget.ImageButton3'

2019-03-10 14:19:13 - [TEST_STEP][PASSED] - tap(findTestObject("Smoke Test/android.widget.TextView3 - 08995097601 (1)"), 3): Tapped on element 'Object Repository/Smoke Test/android.widget.TextView3 - 08995097601 (1)'

2019-03-10 14:19:15 - [MESSAGE][PASSED] - Tapped on element 'Object Repository/Smoke Test/android.widget.TextView3 - 08995097601 (1)'

2019-03-10 14:19:15 - [TEST_STEP][PASSED] - tap(findTestObject("Smoke Test/android.widget.ImageButton0 (1)"), 3): Tapped on element 'Object Repository/Smoke Test/android.widget.ImageButton0 (1)'

2019-03-10 14:19:18 - [MESSAGE][PASSED] - Tapped on element 'Object Repository/Smoke Test/android.widget.ImageButton0 (1)'

2019-03-10 14:19:18 - [TEST_STEP][PASSED] - tap(findTestObject("Smoke Test/android.widget.Button1 - Allow"), 3): Tapped on element 'Object Repository/Smoke Test/android.widget.Button1 - Allow'

2019-03-10 14:19:21 - [MESSAGE][PASSED] - Tapped on element 'Object Repository/Smoke Test/android.widget.Button1 - Allow'

2019-03-10 14:19:21 - [TEST_STEP][PASSED] - tap(findTestObject("Smoke Test/android.widget.TextView2 - PHOTO"), 3): Tapped on element 'Object Repository/Smoke Test/android.widget.TextView2 - PHOTO'

2019-03-10 14:19:23 - [MESSAGE][PASSED] - Tapped on element 'Object Repository/Smoke Test/android.widget.TextView2 - PHOTO'

2019-03-10 14:19:23 - [TEST_STEP][PASSED] - tap(findTestObject("Smoke Test/android.widget.ToggleButton1"), 3): Tapped on element 'Object Repository/Smoke Test/android.widget.ToggleButton1'

2019-03-10 14:19:24 - [MESSAGE][PASSED] - Tapped on element 'Object Repository/Smoke Test/android.widget.ToggleButton1'

2019-03-10 14:19:24 - [TEST_STEP][PASSED] - tap(findTestObject("Smoke Test/android.widget.ImageButton0 (2)"), 3): Tapped on element 'Object Repository/Smoke Test/android.widget.ImageButton0 (2)'

2019-03-10 14:19:28 - [MESSAGE][PASSED] - Tapped on element 'Object Repository/Smoke Test/android.widget.ImageButton0 (2)'

2019-03-10 14:19:28 - [TEST_STEP][PASSED] - setText(findTestObject("Smoke Test/android.widget.EditText0 - Describe your photo"), "Kirim pesan gambar", 3): Text 'Kirim pesan gambar' has been set to element 'Object Repository/Smoke Test/android.widget.EditText0 - Describe your photo'

2019-03-10 14:19:30 - [MESSAGE][PASSED] - Text 'Kirim pesan gambar' has been set to element 'Object Repository/Smoke Test/android.widget.EditText0 - Describe your photo'

2019-03-10 14:19:30 - [TEST_STEP][PASSED] - tap(findTestObject("Smoke Test/android.widget.TextView2 - SEND"), 3): Tapped on element 'Object Repository/Smoke Test/android.widget.TextView2 - SEND'

2019-03-10 14:19:33 - [MESSAGE][PASSED] - Tapped on element 'Object Repository/Smoke Test/android.widget.TextView2 - SEND'

2019-03-10 14:19:33 - [TEST_STEP][PASSED] - delay(10, CONTINUE_ON_FAILURE): Delayed 10 second(s)

2019-03-10 14:19:43 - [MESSAGE][PASSED] - Delayed 10 second(s)

2019-03-10 14:19:43 - [TEST_STEP][PASSED] - tap(findTestObject("Smoke Test/android.widget.ImageButton1"), 3): Tapped on element 'Object Repository/Smoke Test/android.widget.ImageButton1'

2019-03-10 14:19:45 - [MESSAGE][PASSED] - Tapped on element 'Object Repository/Smoke Test/android.widget.ImageButton1']]></system-out>
         <system-err><![CDATA[]]></system-err>
      </testcase>
      <testcase name="Test Cases/Kirim pesan video" classname="Test Cases/Kirim pesan video" status="PASSED">
         <system-out><![CDATA[2019-03-10 14:19:46 - [TEST_CASE][PASSED] - Test Cases/Kirim pesan video: Test Cases/Kirim pesan video

2019-03-10 14:19:46 - [TEST_STEP][PASSED] - tap(findTestObject("Smoke Test/android.widget.ImageButton3"), 2): Tapped on element 'Object Repository/Smoke Test/android.widget.ImageButton3'

2019-03-10 14:19:50 - [MESSAGE][PASSED] - Tapped on element 'Object Repository/Smoke Test/android.widget.ImageButton3'

2019-03-10 14:19:50 - [TEST_STEP][PASSED] - tap(findTestObject("Smoke Test/android.widget.TextView3 - 08995097601 (1)"), 2): Tapped on element 'Object Repository/Smoke Test/android.widget.TextView3 - 08995097601 (1)'

2019-03-10 14:19:53 - [MESSAGE][PASSED] - Tapped on element 'Object Repository/Smoke Test/android.widget.TextView3 - 08995097601 (1)'

2019-03-10 14:19:53 - [TEST_STEP][PASSED] - tap(findTestObject("Smoke Test/android.widget.ImageButton0 (1)"), 2): Tapped on element 'Object Repository/Smoke Test/android.widget.ImageButton0 (1)'

2019-03-10 14:19:55 - [MESSAGE][PASSED] - Tapped on element 'Object Repository/Smoke Test/android.widget.ImageButton0 (1)'

2019-03-10 14:19:55 - [TEST_STEP][PASSED] - tap(findTestObject("Smoke Test/android.widget.TextView0 - VIDEO"), 2): Tapped on element 'Object Repository/Smoke Test/android.widget.TextView0 - VIDEO'

2019-03-10 14:19:57 - [MESSAGE][PASSED] - Tapped on element 'Object Repository/Smoke Test/android.widget.TextView0 - VIDEO'

2019-03-10 14:19:57 - [TEST_STEP][PASSED] - tap(findTestObject("Smoke Test/android.widget.ImageButton0 (3)"), 2): Tapped on element 'Object Repository/Smoke Test/android.widget.ImageButton0 (3)'

2019-03-10 14:20:08 - [MESSAGE][PASSED] - Tapped on element 'Object Repository/Smoke Test/android.widget.ImageButton0 (3)'

2019-03-10 14:20:08 - [TEST_STEP][PASSED] - delay(3, OPTIONAL): Delayed 3 second(s)

2019-03-10 14:20:11 - [MESSAGE][PASSED] - Delayed 3 second(s)

2019-03-10 14:20:11 - [TEST_STEP][PASSED] - tap(findTestObject("Smoke Test/android.widget.ImageButton0 (4)"), 2): Tapped on element 'Object Repository/Smoke Test/android.widget.ImageButton0 (4)'

2019-03-10 14:21:23 - [MESSAGE][PASSED] - Tapped on element 'Object Repository/Smoke Test/android.widget.ImageButton0 (4)'

2019-03-10 14:21:23 - [TEST_STEP][PASSED] - setText(findTestObject("Smoke Test/android.widget.EditText0 - Describe your video"), "Kirim video lewat telpon", 2): Text 'Kirim video lewat telpon' has been set to element 'Object Repository/Smoke Test/android.widget.EditText0 - Describe your video'

2019-03-10 14:21:26 - [MESSAGE][PASSED] - Text 'Kirim video lewat telpon' has been set to element 'Object Repository/Smoke Test/android.widget.EditText0 - Describe your video'

2019-03-10 14:21:26 - [TEST_STEP][PASSED] - tap(findTestObject("Smoke Test/android.widget.TextView2 - SEND (1)"), 2): Tapped on element 'Object Repository/Smoke Test/android.widget.TextView2 - SEND (1)'

2019-03-10 14:21:29 - [MESSAGE][PASSED] - Tapped on element 'Object Repository/Smoke Test/android.widget.TextView2 - SEND (1)'

2019-03-10 14:21:29 - [TEST_STEP][PASSED] - delay(15, CONTINUE_ON_FAILURE): Delayed 15 second(s)

2019-03-10 14:21:44 - [MESSAGE][PASSED] - Delayed 15 second(s)

2019-03-10 14:21:44 - [TEST_STEP][PASSED] - tap(findTestObject("Smoke Test/android.widget.Button0 - GOT IT"), 2): Tapped on element 'Object Repository/Smoke Test/android.widget.Button0 - GOT IT'

2019-03-10 14:21:45 - [MESSAGE][PASSED] - Tapped on element 'Object Repository/Smoke Test/android.widget.Button0 - GOT IT'

2019-03-10 14:21:45 - [TEST_STEP][PASSED] - tap(findTestObject("Smoke Test/android.widget.ImageButton1"), 2): Tapped on element 'Object Repository/Smoke Test/android.widget.ImageButton1'

2019-03-10 14:21:47 - [MESSAGE][PASSED] - Tapped on element 'Object Repository/Smoke Test/android.widget.ImageButton1']]></system-out>
         <system-err><![CDATA[]]></system-err>
      </testcase>
      <system-out><![CDATA[2019-03-10 14:16:44 - [TEST_SUITE][PASSED] - Smoke Test: Test Cases/Kirim pesan video]]></system-out>
      <system-err><![CDATA[]]></system-err>
   </testsuite>
</testsuites>
