<?xml version="1.0" encoding="UTF-8"?>
<testsuites name="Smoke Test" time="138" tests="2" failures="0" errors="0">
   <testsuite name="Smoke Test" tests="2" failures="0" errors="0" time="138" timestamp="2019-03-12 00:29:08" hostname="geela - 192.168.139.2" id="Test Suites/Smoke Test">
      <properties>
         <property name="deviceName" value="OPPO RMX1805 (Android 8.1.0)"/>
         <property name="devicePlatform" value=""/>
         <property name="logFolder" value="C:\\Users\\geela\\Katalon Studio\\Netzme Smoke Test\\Katalon\\Reports\\Smoke Test\\20190312_002904"/>
         <property name="logFiles" value="C:\\Users\\geela\\Katalon Studio\\Netzme Smoke Test\\Katalon\\Reports\\Smoke Test\\20190312_002904\\appium.log, C:\\Users\\geela\\Katalon Studio\\Netzme Smoke Test\\Katalon\\Reports\\Smoke Test\\20190312_002904\\execution0.log"/>
         <property name="attachments" value=""/>
         <property name="hostName" value="geela - 192.168.139.2"/>
         <property name="os" value="Windows 10 64bit"/>
         <property name="katalonVersion" value="6.0.5.10"/>
         <property name="deviceOS" value="Android"/>
         <property name="appiumVersion" value="1.8.1"/>
         <property name="deviceModel" value="RMX1805"/>
         <property name="hostAddress" value="192.168.139.2"/>
         <property name="deviceManufacturer" value="OPPO"/>
         <property name="deviceId" value="b9decb5a"/>
         <property name="deviceName" value="OPPO RMX1805 (Android 8.1.0)"/>
         <property name="deviceOSVersion" value="8.1.0"/>
      </properties>
      <testcase name="Test Cases/Registrasi" classname="Test Cases/Registrasi" status="PASSED">
         <system-out><![CDATA[2019-03-12 00:29:09 - [TEST_CASE][PASSED] - Test Cases/Registrasi: Test Cases/Registrasi

2019-03-12 00:29:09 - [TEST_STEP][PASSED] - startApplication("C:\Users\geela\Katalon Studio\Netzme Smoke Test\Katalon\Data Files\Netzme.apk", true): Started app at: 'C:\Users\geela\Katalon Studio\Netzme Smoke Test\Katalon\Data Files\Netzme.apk'

2019-03-12 00:29:17 - [MESSAGE][INFO] - Appium server started on port 58,830

2019-03-12 00:30:07 - [MESSAGE][PASSED] - Started app at: 'C:\Users\geela\Katalon Studio\Netzme Smoke Test\Katalon\Data Files\Netzme.apk'

2019-03-12 00:30:07 - [TEST_STEP][PASSED] - tap(findTestObject("Registrasi/reg.btn-Next"), 10): Tapped on element 'Object Repository/Registrasi/reg.btn-Next'

2019-03-12 00:30:11 - [MESSAGE][PASSED] - Tapped on element 'Object Repository/Registrasi/reg.btn-Next'

2019-03-12 00:30:11 - [TEST_STEP][PASSED] - tap(findTestObject("Registrasi/reg.btn-Next"), 2): Tapped on element 'Object Repository/Registrasi/reg.btn-Next'

2019-03-12 00:30:13 - [MESSAGE][PASSED] - Tapped on element 'Object Repository/Registrasi/reg.btn-Next'

2019-03-12 00:30:13 - [TEST_STEP][PASSED] - tap(findTestObject("Registrasi/reg.btn-Next"), 2): Tapped on element 'Object Repository/Registrasi/reg.btn-Next'

2019-03-12 00:30:14 - [MESSAGE][PASSED] - Tapped on element 'Object Repository/Registrasi/reg.btn-Next'

2019-03-12 00:30:14 - [TEST_STEP][PASSED] - tap(findTestObject("Registrasi/reg.btn-Next"), 2): Tapped on element 'Object Repository/Registrasi/reg.btn-Next'

2019-03-12 00:30:15 - [MESSAGE][PASSED] - Tapped on element 'Object Repository/Registrasi/reg.btn-Next'

2019-03-12 00:30:15 - [TEST_STEP][PASSED] - tap(findTestObject("Registrasi/reg.btn-Next"), 2): Tapped on element 'Object Repository/Registrasi/reg.btn-Next'

2019-03-12 00:30:17 - [MESSAGE][PASSED] - Tapped on element 'Object Repository/Registrasi/reg.btn-Next'

2019-03-12 00:30:17 - [TEST_STEP][PASSED] - tap(findTestObject("Registrasi/reg.btn-JOIN NOW"), 2): Tapped on element 'Object Repository/Registrasi/reg.btn-JOIN NOW'

2019-03-12 00:30:19 - [MESSAGE][PASSED] - Tapped on element 'Object Repository/Registrasi/reg.btn-JOIN NOW'

2019-03-12 00:30:19 - [TEST_STEP][PASSED] - setText(findTestObject("Registrasi/reg.button-Phone number"), "08995097655", 2): Text '08995097655' has been set to element 'Object Repository/Registrasi/reg.button-Phone number'

2019-03-12 00:30:20 - [MESSAGE][PASSED] - Text '08995097655' has been set to element 'Object Repository/Registrasi/reg.button-Phone number'

2019-03-12 00:30:20 - [TEST_STEP][PASSED] - tap(findTestObject("Registrasi/reg.checkbock-Term condition"), 2): Tapped on element 'Object Repository/Registrasi/reg.checkbock-Term condition'

2019-03-12 00:30:22 - [MESSAGE][PASSED] - Tapped on element 'Object Repository/Registrasi/reg.checkbock-Term condition'

2019-03-12 00:30:22 - [TEST_STEP][PASSED] - tap(findTestObject("Registrasi/reg.button-REGISTER"), 2): Tapped on element 'Object Repository/Registrasi/reg.button-REGISTER'

2019-03-12 00:30:25 - [MESSAGE][PASSED] - Tapped on element 'Object Repository/Registrasi/reg.button-REGISTER'

2019-03-12 00:30:25 - [TEST_STEP][PASSED] - setText(findTestObject("Registrasi/reg.editText-Verification Number"), "0000", 2): Text '0000' has been set to element 'Object Repository/Registrasi/reg.editText-Verification Number'

2019-03-12 00:30:26 - [MESSAGE][PASSED] - Text '0000' has been set to element 'Object Repository/Registrasi/reg.editText-Verification Number'

2019-03-12 00:30:26 - [TEST_STEP][PASSED] - tap(findTestObject("Registrasi/reg.btn-VERIFY"), 2): Tapped on element 'Object Repository/Registrasi/reg.btn-VERIFY'

2019-03-12 00:30:28 - [MESSAGE][PASSED] - Tapped on element 'Object Repository/Registrasi/reg.btn-VERIFY'

2019-03-12 00:30:28 - [TEST_STEP][PASSED] - tap(findTestObject("General/general.btn - Allow"), 10): Tapped on element 'Object Repository/General/general.btn - Allow'

2019-03-12 00:30:36 - [MESSAGE][PASSED] - Tapped on element 'Object Repository/General/general.btn - Allow'

2019-03-12 00:30:36 - [TEST_STEP][PASSED] - clearText(findTestObject("Registrasi/reg.editText-Ganti Nick Name"), 2): Element 'Object Repository/Registrasi/reg.editText-Ganti Nick Name' text is cleared

2019-03-12 00:30:37 - [MESSAGE][PASSED] - Element 'Object Repository/Registrasi/reg.editText-Ganti Nick Name' text is cleared

2019-03-12 00:30:37 - [TEST_STEP][PASSED] - setText(findTestObject("Registrasi/reg.editText-Enter your name here"), "QA Netzme", 2): Text 'QA Netzme' has been set to element 'Object Repository/Registrasi/reg.editText-Enter your name here'

2019-03-12 00:30:40 - [MESSAGE][PASSED] - Text 'QA Netzme' has been set to element 'Object Repository/Registrasi/reg.editText-Enter your name here'

2019-03-12 00:30:40 - [TEST_STEP][PASSED] - tap(findTestObject("Registrasi/reg.button-SAVE"), 5): Tapped on element 'Object Repository/Registrasi/reg.button-SAVE'

2019-03-12 00:30:41 - [MESSAGE][PASSED] - Tapped on element 'Object Repository/Registrasi/reg.button-SAVE'

2019-03-12 00:30:41 - [TEST_STEP][PASSED] - delay(15, CONTINUE_ON_FAILURE): Delayed 15 second(s)

2019-03-12 00:30:56 - [MESSAGE][PASSED] - Delayed 15 second(s)

2019-03-12 00:30:56 - [TEST_STEP][PASSED] - tap(findTestObject("Registrasi/reg.checkbox-Dont show me again"), 5): Tapped on element 'Object Repository/Registrasi/reg.checkbox-Dont show me again'

2019-03-12 00:30:59 - [MESSAGE][PASSED] - Tapped on element 'Object Repository/Registrasi/reg.checkbox-Dont show me again'

2019-03-12 00:30:59 - [TEST_STEP][PASSED] - tap(findTestObject("Registrasi/reg.button-CLOSE"), 2): Tapped on element 'Object Repository/Registrasi/reg.button-CLOSE'

2019-03-12 00:31:00 - [MESSAGE][PASSED] - Tapped on element 'Object Repository/Registrasi/reg.button-CLOSE']]></system-out>
         <system-err><![CDATA[]]></system-err>
      </testcase>
      <testcase name="Test Cases/Ganti PP" classname="Test Cases/Ganti PP" status="PASSED">
         <system-out><![CDATA[2019-03-12 00:31:00 - [TEST_CASE][PASSED] - Test Cases/Ganti PP: Test Cases/Ganti PP

2019-03-12 00:31:00 - [TEST_STEP][PASSED] - tap(findTestObject("Front View/frontView-Contact"), 1): Tapped on element 'Object Repository/Front View/frontView-Contact'

2019-03-12 00:31:02 - [MESSAGE][PASSED] - Tapped on element 'Object Repository/Front View/frontView-Contact'

2019-03-12 00:31:02 - [TEST_STEP][PASSED] - tap(findTestObject("Front View/frontView-User Profile"), 1): Tapped on element 'Object Repository/Front View/frontView-User Profile'

2019-03-12 00:31:04 - [MESSAGE][PASSED] - Tapped on element 'Object Repository/Front View/frontView-User Profile'

2019-03-12 00:31:04 - [TEST_STEP][PASSED] - tap(findTestObject("Ganti PP/profile.btn-GOT IT"), 1): Tapped on element 'Object Repository/Ganti PP/profile.btn-GOT IT'

2019-03-12 00:31:06 - [MESSAGE][PASSED] - Tapped on element 'Object Repository/Ganti PP/profile.btn-GOT IT'

2019-03-12 00:31:06 - [TEST_STEP][PASSED] - tap(findTestObject("Ganti PP/profile.btn-Edit Profile"), 1): Tapped on element 'Object Repository/Ganti PP/profile.btn-Edit Profile'

2019-03-12 00:31:07 - [MESSAGE][PASSED] - Tapped on element 'Object Repository/Ganti PP/profile.btn-Edit Profile'

2019-03-12 00:31:07 - [TEST_STEP][PASSED] - tap(findTestObject("Ganti PP/profile.btn-Edit Photo Profile"), 1): Tapped on element 'Object Repository/Ganti PP/profile.btn-Edit Photo Profile'

2019-03-12 00:31:09 - [MESSAGE][PASSED] - Tapped on element 'Object Repository/Ganti PP/profile.btn-Edit Photo Profile'

2019-03-12 00:31:09 - [TEST_STEP][PASSED] - tap(findTestObject("General/general.btn - Allow"), 1): Tapped on element 'Object Repository/General/general.btn - Allow'

2019-03-12 00:31:11 - [MESSAGE][PASSED] - Tapped on element 'Object Repository/General/general.btn - Allow'

2019-03-12 00:31:11 - [TEST_STEP][PASSED] - tap(findTestObject("Ganti PP/profile.btn- Capture Image"), 1): Tapped on element 'Object Repository/Ganti PP/profile.btn- Capture Image'

2019-03-12 00:31:13 - [MESSAGE][PASSED] - Tapped on element 'Object Repository/Ganti PP/profile.btn- Capture Image'

2019-03-12 00:31:13 - [TEST_STEP][PASSED] - tap(findTestObject("Ganti PP/profile.btn - CROP"), 1): Tapped on element 'Object Repository/Ganti PP/profile.btn - CROP'

2019-03-12 00:31:15 - [MESSAGE][PASSED] - Tapped on element 'Object Repository/Ganti PP/profile.btn - CROP'

2019-03-12 00:31:15 - [TEST_STEP][PASSED] - setText(findTestObject("Ganti PP/profile.btn - Describe your photo"), "Ganti Photo Profile", 1): Text 'Ganti Photo Profile' has been set to element 'Object Repository/Ganti PP/profile.btn - Describe your photo'

2019-03-12 00:31:17 - [MESSAGE][PASSED] - Text 'Ganti Photo Profile' has been set to element 'Object Repository/Ganti PP/profile.btn - Describe your photo'

2019-03-12 00:31:17 - [TEST_STEP][PASSED] - tap(findTestObject("Ganti PP/profile.btn.after.describe.photo - SAVE"), 1): Tapped on element 'Object Repository/Ganti PP/profile.btn.after.describe.photo - SAVE'

2019-03-12 00:31:19 - [MESSAGE][PASSED] - Tapped on element 'Object Repository/Ganti PP/profile.btn.after.describe.photo - SAVE'

2019-03-12 00:31:19 - [TEST_STEP][PASSED] - tap(findTestObject("Ganti PP/profile.btn- Save after edit PP"), 1): Tapped on element 'Object Repository/Ganti PP/profile.btn- Save after edit PP'

2019-03-12 00:31:21 - [MESSAGE][PASSED] - Tapped on element 'Object Repository/Ganti PP/profile.btn- Save after edit PP'

2019-03-12 00:31:21 - [TEST_STEP][PASSED] - tap(findTestObject("General/general.btn - Back"), 1): Tapped on element 'Object Repository/General/general.btn - Back'

2019-03-12 00:31:24 - [MESSAGE][PASSED] - Tapped on element 'Object Repository/General/general.btn - Back']]></system-out>
         <system-err><![CDATA[]]></system-err>
      </testcase>
      <system-out><![CDATA[2019-03-12 00:29:08 - [TEST_SUITE][PASSED] - Smoke Test: Test Cases/Ganti PP]]></system-out>
      <system-err><![CDATA[]]></system-err>
   </testsuite>
</testsuites>
