<?xml version="1.0" encoding="UTF-8"?>
<testsuites name="Smoke Test" time="153" tests="3" failures="0" errors="0">
   <testsuite name="Smoke Test" tests="3" failures="0" errors="0" time="153" timestamp="2019-03-12 00:58:57" hostname="geela - 192.168.139.2" id="Test Suites/Smoke Test">
      <properties>
         <property name="deviceName" value="OPPO RMX1805 (Android 8.1.0)"/>
         <property name="devicePlatform" value=""/>
         <property name="logFolder" value="C:\\Users\\geela\\Katalon Studio\\Netzme Smoke Test\\Katalon\\Reports\\Smoke Test\\20190312_005853"/>
         <property name="logFiles" value="C:\\Users\\geela\\Katalon Studio\\Netzme Smoke Test\\Katalon\\Reports\\Smoke Test\\20190312_005853\\appium.log, C:\\Users\\geela\\Katalon Studio\\Netzme Smoke Test\\Katalon\\Reports\\Smoke Test\\20190312_005853\\execution0.log"/>
         <property name="attachments" value=""/>
         <property name="hostName" value="geela - 192.168.139.2"/>
         <property name="os" value="Windows 10 64bit"/>
         <property name="katalonVersion" value="6.0.5.10"/>
         <property name="deviceOS" value="Android"/>
         <property name="appiumVersion" value="1.8.1"/>
         <property name="deviceModel" value="RMX1805"/>
         <property name="hostAddress" value="192.168.139.2"/>
         <property name="deviceManufacturer" value="OPPO"/>
         <property name="deviceId" value="b9decb5a"/>
         <property name="deviceName" value="OPPO RMX1805 (Android 8.1.0)"/>
         <property name="deviceOSVersion" value="8.1.0"/>
      </properties>
      <testcase name="Test Cases/Registrasi" classname="Test Cases/Registrasi" status="PASSED">
         <system-out><![CDATA[2019-03-12 00:58:58 - [TEST_CASE][PASSED] - Test Cases/Registrasi: Test Cases/Registrasi

2019-03-12 00:58:58 - [TEST_STEP][PASSED] - startApplication("C:\Users\geela\Katalon Studio\Netzme Smoke Test\Katalon\Data Files\Netzme.apk", true): Started app at: 'C:\Users\geela\Katalon Studio\Netzme Smoke Test\Katalon\Data Files\Netzme.apk'

2019-03-12 00:59:06 - [MESSAGE][INFO] - Appium server started on port 61,071

2019-03-12 00:59:56 - [MESSAGE][PASSED] - Started app at: 'C:\Users\geela\Katalon Studio\Netzme Smoke Test\Katalon\Data Files\Netzme.apk'

2019-03-12 00:59:57 - [TEST_STEP][PASSED] - tap(findTestObject("Registrasi/reg.btn-Next"), 10): Tapped on element 'Object Repository/Registrasi/reg.btn-Next'

2019-03-12 01:00:01 - [MESSAGE][PASSED] - Tapped on element 'Object Repository/Registrasi/reg.btn-Next'

2019-03-12 01:00:01 - [TEST_STEP][PASSED] - tap(findTestObject("Registrasi/reg.btn-Next"), 2): Tapped on element 'Object Repository/Registrasi/reg.btn-Next'

2019-03-12 01:00:02 - [MESSAGE][PASSED] - Tapped on element 'Object Repository/Registrasi/reg.btn-Next'

2019-03-12 01:00:02 - [TEST_STEP][PASSED] - tap(findTestObject("Registrasi/reg.btn-Next"), 2): Tapped on element 'Object Repository/Registrasi/reg.btn-Next'

2019-03-12 01:00:03 - [MESSAGE][PASSED] - Tapped on element 'Object Repository/Registrasi/reg.btn-Next'

2019-03-12 01:00:03 - [TEST_STEP][PASSED] - tap(findTestObject("Registrasi/reg.btn-Next"), 2): Tapped on element 'Object Repository/Registrasi/reg.btn-Next'

2019-03-12 01:00:05 - [MESSAGE][PASSED] - Tapped on element 'Object Repository/Registrasi/reg.btn-Next'

2019-03-12 01:00:05 - [TEST_STEP][PASSED] - tap(findTestObject("Registrasi/reg.btn-Next"), 2): Tapped on element 'Object Repository/Registrasi/reg.btn-Next'

2019-03-12 01:00:06 - [MESSAGE][PASSED] - Tapped on element 'Object Repository/Registrasi/reg.btn-Next'

2019-03-12 01:00:06 - [TEST_STEP][PASSED] - tap(findTestObject("Registrasi/reg.btn-JOIN NOW"), 2): Tapped on element 'Object Repository/Registrasi/reg.btn-JOIN NOW'

2019-03-12 01:00:08 - [MESSAGE][PASSED] - Tapped on element 'Object Repository/Registrasi/reg.btn-JOIN NOW'

2019-03-12 01:00:08 - [TEST_STEP][PASSED] - setText(findTestObject("Registrasi/reg.button-Phone number"), "08995097655", 2): Text '08995097655' has been set to element 'Object Repository/Registrasi/reg.button-Phone number'

2019-03-12 01:00:10 - [MESSAGE][PASSED] - Text '08995097655' has been set to element 'Object Repository/Registrasi/reg.button-Phone number'

2019-03-12 01:00:10 - [TEST_STEP][PASSED] - tap(findTestObject("Registrasi/reg.checkbock-Term condition"), 2): Tapped on element 'Object Repository/Registrasi/reg.checkbock-Term condition'

2019-03-12 01:00:11 - [MESSAGE][PASSED] - Tapped on element 'Object Repository/Registrasi/reg.checkbock-Term condition'

2019-03-12 01:00:11 - [TEST_STEP][PASSED] - tap(findTestObject("Registrasi/reg.button-REGISTER"), 2): Tapped on element 'Object Repository/Registrasi/reg.button-REGISTER'

2019-03-12 01:00:14 - [MESSAGE][PASSED] - Tapped on element 'Object Repository/Registrasi/reg.button-REGISTER'

2019-03-12 01:00:14 - [TEST_STEP][PASSED] - setText(findTestObject("Registrasi/reg.editText-Verification Number"), "0000", 2): Text '0000' has been set to element 'Object Repository/Registrasi/reg.editText-Verification Number'

2019-03-12 01:00:15 - [MESSAGE][PASSED] - Text '0000' has been set to element 'Object Repository/Registrasi/reg.editText-Verification Number'

2019-03-12 01:00:15 - [TEST_STEP][PASSED] - tap(findTestObject("Registrasi/reg.btn-VERIFY"), 2): Tapped on element 'Object Repository/Registrasi/reg.btn-VERIFY'

2019-03-12 01:00:18 - [MESSAGE][PASSED] - Tapped on element 'Object Repository/Registrasi/reg.btn-VERIFY'

2019-03-12 01:00:18 - [TEST_STEP][PASSED] - tap(findTestObject("General/general.btn - Allow"), 10): Tapped on element 'Object Repository/General/general.btn - Allow'

2019-03-12 01:00:26 - [MESSAGE][PASSED] - Tapped on element 'Object Repository/General/general.btn - Allow'

2019-03-12 01:00:26 - [TEST_STEP][PASSED] - clearText(findTestObject("Registrasi/reg.editText-Ganti Nick Name"), 2): Element 'Object Repository/Registrasi/reg.editText-Ganti Nick Name' text is cleared

2019-03-12 01:00:26 - [MESSAGE][PASSED] - Element 'Object Repository/Registrasi/reg.editText-Ganti Nick Name' text is cleared

2019-03-12 01:00:26 - [TEST_STEP][PASSED] - setText(findTestObject("Registrasi/reg.editText-Enter your name here"), "QA Netzme", 2): Text 'QA Netzme' has been set to element 'Object Repository/Registrasi/reg.editText-Enter your name here'

2019-03-12 01:00:29 - [MESSAGE][PASSED] - Text 'QA Netzme' has been set to element 'Object Repository/Registrasi/reg.editText-Enter your name here'

2019-03-12 01:00:29 - [TEST_STEP][PASSED] - tap(findTestObject("Registrasi/reg.button-SAVE"), 5): Tapped on element 'Object Repository/Registrasi/reg.button-SAVE'

2019-03-12 01:00:31 - [MESSAGE][PASSED] - Tapped on element 'Object Repository/Registrasi/reg.button-SAVE'

2019-03-12 01:00:31 - [TEST_STEP][PASSED] - delay(15, CONTINUE_ON_FAILURE): Delayed 15 second(s)

2019-03-12 01:00:46 - [MESSAGE][PASSED] - Delayed 15 second(s)

2019-03-12 01:00:46 - [TEST_STEP][PASSED] - tap(findTestObject("Registrasi/reg.checkbox-Dont show me again"), 5): Tapped on element 'Object Repository/Registrasi/reg.checkbox-Dont show me again'

2019-03-12 01:00:48 - [MESSAGE][PASSED] - Tapped on element 'Object Repository/Registrasi/reg.checkbox-Dont show me again'

2019-03-12 01:00:48 - [TEST_STEP][PASSED] - tap(findTestObject("Registrasi/reg.button-CLOSE"), 2): Tapped on element 'Object Repository/Registrasi/reg.button-CLOSE'

2019-03-12 01:00:49 - [MESSAGE][PASSED] - Tapped on element 'Object Repository/Registrasi/reg.button-CLOSE']]></system-out>
         <system-err><![CDATA[]]></system-err>
      </testcase>
      <testcase name="Test Cases/Ganti PP" classname="Test Cases/Ganti PP" status="PASSED">
         <system-out><![CDATA[2019-03-12 01:00:49 - [TEST_CASE][PASSED] - Test Cases/Ganti PP: Test Cases/Ganti PP

2019-03-12 01:00:50 - [TEST_STEP][PASSED] - tap(findTestObject("Front View/frontView-Contact"), 1): Tapped on element 'Object Repository/Front View/frontView-Contact'

2019-03-12 01:00:51 - [MESSAGE][PASSED] - Tapped on element 'Object Repository/Front View/frontView-Contact'

2019-03-12 01:00:51 - [TEST_STEP][PASSED] - tap(findTestObject("Front View/frontView-User Profile"), 1): Tapped on element 'Object Repository/Front View/frontView-User Profile'

2019-03-12 01:00:54 - [MESSAGE][PASSED] - Tapped on element 'Object Repository/Front View/frontView-User Profile'

2019-03-12 01:00:54 - [TEST_STEP][PASSED] - tap(findTestObject("Edit Profile/profile.btn-GOT IT"), 1): Tapped on element 'Object Repository/Edit Profile/profile.btn-GOT IT'

2019-03-12 01:00:55 - [MESSAGE][PASSED] - Tapped on element 'Object Repository/Edit Profile/profile.btn-GOT IT'

2019-03-12 01:00:55 - [TEST_STEP][PASSED] - tap(findTestObject("Edit Profile/profile.btn-Edit Profile"), 1): Tapped on element 'Object Repository/Edit Profile/profile.btn-Edit Profile'

2019-03-12 01:00:57 - [MESSAGE][PASSED] - Tapped on element 'Object Repository/Edit Profile/profile.btn-Edit Profile'

2019-03-12 01:00:57 - [TEST_STEP][PASSED] - tap(findTestObject("Edit Profile/profile.btn-Edit Photo Profile"), 1): Tapped on element 'Object Repository/Edit Profile/profile.btn-Edit Photo Profile'

2019-03-12 01:00:59 - [MESSAGE][PASSED] - Tapped on element 'Object Repository/Edit Profile/profile.btn-Edit Photo Profile'

2019-03-12 01:00:59 - [TEST_STEP][PASSED] - tap(findTestObject("General/general.btn - Allow"), 1): Tapped on element 'Object Repository/General/general.btn - Allow'

2019-03-12 01:01:01 - [MESSAGE][PASSED] - Tapped on element 'Object Repository/General/general.btn - Allow'

2019-03-12 01:01:01 - [TEST_STEP][PASSED] - tap(findTestObject("General/general.btn- Capture Image"), 1): Tapped on element 'Object Repository/General/general.btn- Capture Image'

2019-03-12 01:01:03 - [MESSAGE][PASSED] - Tapped on element 'Object Repository/General/general.btn- Capture Image'

2019-03-12 01:01:03 - [TEST_STEP][PASSED] - tap(findTestObject("Edit Profile/profile.btn - CROP"), 1): Tapped on element 'Object Repository/Edit Profile/profile.btn - CROP'

2019-03-12 01:01:05 - [MESSAGE][PASSED] - Tapped on element 'Object Repository/Edit Profile/profile.btn - CROP'

2019-03-12 01:01:05 - [TEST_STEP][PASSED] - setText(findTestObject("General/general.btn - Describe your photo"), "Ganti Photo Profile", 1): Text 'Ganti Photo Profile' has been set to element 'Object Repository/General/general.btn - Describe your photo'

2019-03-12 01:01:06 - [MESSAGE][PASSED] - Text 'Ganti Photo Profile' has been set to element 'Object Repository/General/general.btn - Describe your photo'

2019-03-12 01:01:06 - [TEST_STEP][PASSED] - tap(findTestObject("Edit Profile/profile.btn.after.describe.photo - SAVE"), 1): Tapped on element 'Object Repository/Edit Profile/profile.btn.after.describe.photo - SAVE'

2019-03-12 01:01:09 - [MESSAGE][PASSED] - Tapped on element 'Object Repository/Edit Profile/profile.btn.after.describe.photo - SAVE'

2019-03-12 01:01:09 - [TEST_STEP][PASSED] - tap(findTestObject("Edit Profile/profile.btn- Save after edit PP"), 1): Tapped on element 'Object Repository/Edit Profile/profile.btn- Save after edit PP'

2019-03-12 01:01:11 - [MESSAGE][PASSED] - Tapped on element 'Object Repository/Edit Profile/profile.btn- Save after edit PP'

2019-03-12 01:01:11 - [TEST_STEP][PASSED] - tap(findTestObject("General/general.btn - Back"), 1): Tapped on element 'Object Repository/General/general.btn - Back'

2019-03-12 01:01:13 - [MESSAGE][PASSED] - Tapped on element 'Object Repository/General/general.btn - Back']]></system-out>
         <system-err><![CDATA[]]></system-err>
      </testcase>
      <testcase name="Test Cases/Ganti Nick Name" classname="Test Cases/Ganti Nick Name" status="PASSED">
         <system-out><![CDATA[2019-03-12 01:01:13 - [TEST_CASE][PASSED] - Test Cases/Ganti Nick Name: Test Cases/Ganti Nick Name

2019-03-12 01:01:13 - [TEST_STEP][PASSED] - tap(findTestObject("Front View/frontView-Contact"), 3): Tapped on element 'Object Repository/Front View/frontView-Contact'

2019-03-12 01:01:15 - [MESSAGE][PASSED] - Tapped on element 'Object Repository/Front View/frontView-Contact'

2019-03-12 01:01:15 - [TEST_STEP][PASSED] - tap(findTestObject("Front View/frontView-User Profile"), 3): Tapped on element 'Object Repository/Front View/frontView-User Profile'

2019-03-12 01:01:18 - [MESSAGE][PASSED] - Tapped on element 'Object Repository/Front View/frontView-User Profile'

2019-03-12 01:01:18 - [TEST_STEP][PASSED] - tap(findTestObject("Edit Profile/profile.btn - Nick Name"), 2): Tapped on element 'Object Repository/Edit Profile/profile.btn - Nick Name'

2019-03-12 01:01:20 - [MESSAGE][PASSED] - Tapped on element 'Object Repository/Edit Profile/profile.btn - Nick Name'

2019-03-12 01:01:20 - [TEST_STEP][PASSED] - clearText(findTestObject("Registrasi/reg.editText-Ganti Nick Name"), 2): Element 'Object Repository/Registrasi/reg.editText-Ganti Nick Name' text is cleared

2019-03-12 01:01:21 - [MESSAGE][PASSED] - Element 'Object Repository/Registrasi/reg.editText-Ganti Nick Name' text is cleared

2019-03-12 01:01:21 - [TEST_STEP][PASSED] - setText(findTestObject("Edit Profile/profile.btn - Your name"), "Ganti Nick Name", 3): Text 'Ganti Nick Name' has been set to element 'Object Repository/Edit Profile/profile.btn - Your name'

2019-03-12 01:01:23 - [MESSAGE][PASSED] - Text 'Ganti Nick Name' has been set to element 'Object Repository/Edit Profile/profile.btn - Your name'

2019-03-12 01:01:23 - [TEST_STEP][PASSED] - tap(findTestObject("Edit Profile/profile.btn- Save after edit PP"), 3): Tapped on element 'Object Repository/Edit Profile/profile.btn- Save after edit PP'

2019-03-12 01:01:25 - [MESSAGE][PASSED] - Tapped on element 'Object Repository/Edit Profile/profile.btn- Save after edit PP'

2019-03-12 01:01:25 - [TEST_STEP][PASSED] - tap(findTestObject("General/general.btn - Back"), 3): Tapped on element 'Object Repository/General/general.btn - Back'

2019-03-12 01:01:27 - [MESSAGE][PASSED] - Tapped on element 'Object Repository/General/general.btn - Back']]></system-out>
         <system-err><![CDATA[]]></system-err>
      </testcase>
      <system-out><![CDATA[2019-03-12 00:58:57 - [TEST_SUITE][PASSED] - Smoke Test: Test Cases/Ganti Nick Name]]></system-out>
      <system-err><![CDATA[]]></system-err>
   </testsuite>
</testsuites>
